2022-10-10 21:25:16,846 DEBUG - Starting WinSW in console mode
2022-10-10 21:25:16,878 INFO  - Installing service 'nginx (nginx)'...
2022-10-10 21:25:16,909 INFO  - Service 'nginx (nginx)' was installed successfully.
2022-10-10 21:25:31,144 DEBUG - Starting WinSW in service mode
2022-10-10 21:25:31,175 INFO  - Starting D:\02tools\nginx-1.23.1\nginx.exe 
2022-10-10 21:25:31,190 INFO  - Started process 1272
2022-10-10 21:25:31,190 DEBUG - Forwarding logs of the process System.Diagnostics.Process (nginx) to WinSW.RollingLogAppender
2022-10-10 21:27:22,355 INFO  - Stopping nginx
2022-10-10 21:27:22,355 DEBUG - ProcessKill 1272
2022-10-10 21:27:22,370 DEBUG - Stopping process 1272...
2022-10-10 21:27:22,370 DEBUG - Process 1272 terminated.
2022-10-10 21:27:22,386 DEBUG - Found child process 1552.
2022-10-10 21:27:22,386 DEBUG - Stopping process 1552...
2022-10-10 21:27:22,417 DEBUG - Process 1552 canceled with code -1073741510.
2022-10-10 21:27:22,417 INFO  - Finished nginx
2022-10-10 21:27:34,097 DEBUG - Starting WinSW in service mode
2022-10-10 21:27:34,190 INFO  - Starting D:\02tools\nginx-1.23.1\nginx.exe 
2022-10-10 21:27:34,237 INFO  - Started process 1916
2022-10-10 21:27:34,253 DEBUG - Forwarding logs of the process System.Diagnostics.Process (nginx) to WinSW.RollingLogAppender
2022-10-10 22:01:26,768 INFO  - Stopping nginx
2022-10-10 22:01:26,768 DEBUG - ProcessKill 1916
2022-10-10 22:01:26,768 DEBUG - Stopping process 1916...
2022-10-10 22:01:26,768 DEBUG - Process 1916 terminated.
2022-10-10 22:01:26,783 DEBUG - Found child process 948.
2022-10-10 22:01:26,783 DEBUG - Stopping process 948...
2022-10-10 22:01:26,783 DEBUG - Process 948 canceled with code -1073741510.
2022-10-10 22:01:26,783 INFO  - Finished nginx
2022-10-10 22:01:28,143 DEBUG - Starting WinSW in service mode
2022-10-10 22:01:28,158 INFO  - Starting D:\02tools\nginx-1.23.1\nginx.exe 
2022-10-10 22:01:28,174 INFO  - Started process 2164
2022-10-10 22:01:28,174 DEBUG - Forwarding logs of the process System.Diagnostics.Process (nginx) to WinSW.RollingLogAppender
2022-10-10 22:02:07,682 INFO  - Stopping nginx
2022-10-10 22:02:07,682 DEBUG - ProcessKill 2164
2022-10-10 22:02:07,684 DEBUG - Stopping process 2164...
2022-10-10 22:02:07,685 DEBUG - Process 2164 terminated.
2022-10-10 22:02:07,690 DEBUG - Found child process 3960.
2022-10-10 22:02:07,690 DEBUG - Stopping process 3960...
2022-10-10 22:02:07,693 DEBUG - Process 3960 canceled with code -1073741510.
2022-10-10 22:02:07,694 INFO  - Finished nginx
2022-10-10 22:02:09,069 DEBUG - Starting WinSW in service mode
2022-10-10 22:02:09,085 INFO  - Starting D:\02tools\nginx-1.23.1\nginx.exe 
2022-10-10 22:02:09,100 INFO  - Started process 1480
2022-10-10 22:02:09,100 DEBUG - Forwarding logs of the process System.Diagnostics.Process (nginx) to WinSW.RollingLogAppender
2022-10-10 22:10:13,515 INFO  - Stopping nginx
2022-10-10 22:10:13,515 DEBUG - ProcessKill 1480
2022-10-10 22:10:13,517 DEBUG - Stopping process 1480...
2022-10-10 22:10:13,518 DEBUG - Process 1480 terminated.
2022-10-10 22:10:13,522 DEBUG - Found child process 3980.
2022-10-10 22:10:13,523 DEBUG - Stopping process 3980...
2022-10-10 22:10:13,526 DEBUG - Process 3980 canceled with code -1073741510.
2022-10-10 22:10:13,527 INFO  - Finished nginx
2022-10-10 22:10:14,886 DEBUG - Starting WinSW in service mode
2022-10-10 22:10:14,902 INFO  - Starting D:\02tools\nginx-1.23.1\nginx.exe 
2022-10-10 22:10:14,917 INFO  - Started process 1468
2022-10-10 22:10:14,917 DEBUG - Forwarding logs of the process System.Diagnostics.Process (nginx) to WinSW.RollingLogAppender
2022-10-10 22:10:44,516 INFO  - Stopping nginx
2022-10-10 22:10:44,516 DEBUG - ProcessKill 1468
2022-10-10 22:10:44,519 DEBUG - Stopping process 1468...
2022-10-10 22:10:44,520 DEBUG - Process 1468 terminated.
2022-10-10 22:10:44,522 DEBUG - Found child process 3124.
2022-10-10 22:10:44,522 DEBUG - Stopping process 3124...
2022-10-10 22:10:44,527 DEBUG - Process 3124 canceled with code -1073741510.
2022-10-10 22:10:44,529 INFO  - Finished nginx
2022-10-10 22:10:45,905 DEBUG - Starting WinSW in service mode
2022-10-10 22:10:45,920 INFO  - Starting D:\02tools\nginx-1.23.1\nginx.exe 
2022-10-10 22:10:45,936 INFO  - Started process 2144
2022-10-10 22:10:45,936 DEBUG - Forwarding logs of the process System.Diagnostics.Process (nginx) to WinSW.RollingLogAppender
2022-10-10 22:11:37,985 INFO  - Stopping nginx
2022-10-10 22:11:37,985 DEBUG - ProcessKill 2144
2022-10-10 22:11:37,987 DEBUG - Stopping process 2144...
2022-10-10 22:11:37,988 DEBUG - Process 2144 terminated.
2022-10-10 22:11:37,991 DEBUG - Found child process 2096.
2022-10-10 22:11:37,991 DEBUG - Stopping process 2096...
2022-10-10 22:11:37,993 DEBUG - Process 2096 canceled with code -1073741510.
2022-10-10 22:11:37,994 INFO  - Finished nginx
2022-10-10 22:11:39,372 DEBUG - Starting WinSW in service mode
2022-10-10 22:11:39,387 INFO  - Starting D:\02tools\nginx-1.23.1\nginx.exe 
2022-10-10 22:11:39,403 INFO  - Started process 2260
2022-10-10 22:11:39,403 DEBUG - Forwarding logs of the process System.Diagnostics.Process (nginx) to WinSW.RollingLogAppender
2022-10-11 07:56:02,032 INFO  - Stopping nginx
2022-10-11 07:56:02,032 DEBUG - ProcessKill 2260
2022-10-11 07:56:02,035 DEBUG - Stopping process 2260...
2022-10-11 07:56:02,036 DEBUG - Process 2260 terminated.
2022-10-11 07:56:02,040 DEBUG - Found child process 3448.
2022-10-11 07:56:02,040 DEBUG - Stopping process 3448...
2022-10-11 07:56:02,043 DEBUG - Process 3448 canceled with code -1073741510.
2022-10-11 07:56:02,044 INFO  - Finished nginx
2022-10-11 07:56:03,419 DEBUG - Starting WinSW in service mode
2022-10-11 07:56:03,434 INFO  - Starting D:\02tools\nginx-1.23.1\nginx.exe 
2022-10-11 07:56:03,450 INFO  - Started process 2704
2022-10-11 07:56:03,450 DEBUG - Forwarding logs of the process System.Diagnostics.Process (nginx) to WinSW.RollingLogAppender
2022-10-11 20:38:01,670 DEBUG - Starting WinSW in console mode
2022-10-11 20:38:01,695 INFO  - Installing service 'nginx (nginx)'...
2022-10-11 20:38:01,839 INFO  - Service 'nginx (nginx)' was installed successfully.
2022-10-11 20:39:10,093 DEBUG - Starting WinSW in service mode
2022-10-11 20:39:10,211 INFO  - Starting F:\works\EnterpriseWebsite\nginx-1.23.1\nginx.exe 
2022-10-11 20:39:10,957 INFO  - Started process 11076
2022-10-11 20:39:10,975 DEBUG - Forwarding logs of the process System.Diagnostics.Process (nginx) to WinSW.RollingLogAppender
2022-10-11 21:52:36,276 INFO  - Stopping nginx
2022-10-11 21:52:36,277 DEBUG - ProcessKill 11076
2022-10-11 21:52:36,281 DEBUG - Stopping process 11076...
2022-10-11 21:52:36,287 DEBUG - Process 11076 terminated.
2022-10-11 21:52:36,300 DEBUG - Found child process 10764.
2022-10-11 21:52:36,317 DEBUG - Stopping process 10764...
2022-10-11 21:52:36,323 DEBUG - Process 10764 canceled with code -1073741510.
2022-10-11 21:52:36,335 INFO  - Finished nginx
2022-10-11 21:52:38,123 DEBUG - Starting WinSW in service mode
2022-10-11 21:52:38,239 INFO  - Starting F:\works\EnterpriseWebsite\nginx-1.23.1\nginx.exe 
2022-10-11 21:52:38,700 INFO  - Started process 18688
2022-10-11 21:52:38,715 DEBUG - Forwarding logs of the process System.Diagnostics.Process (nginx) to WinSW.RollingLogAppender
2022-10-11 22:14:28,927 INFO  - Stopping nginx
2022-10-11 22:14:28,928 DEBUG - ProcessKill 18688
2022-10-11 22:14:28,933 DEBUG - Stopping process 18688...
2022-10-11 22:14:28,939 DEBUG - Process 18688 terminated.
2022-10-11 22:14:28,954 DEBUG - Found child process 20300.
2022-10-11 22:14:28,960 DEBUG - Stopping process 20300...
2022-10-11 22:14:28,967 DEBUG - Process 20300 canceled with code -1073741510.
2022-10-11 22:14:28,995 INFO  - Finished nginx
2022-10-11 22:14:30,772 DEBUG - Starting WinSW in service mode
2022-10-11 22:14:30,890 INFO  - Starting F:\works\EnterpriseWebsite\nginx-1.23.1\nginx.exe 
2022-10-11 22:14:31,362 INFO  - Started process 8112
2022-10-11 22:14:31,379 DEBUG - Forwarding logs of the process System.Diagnostics.Process (nginx) to WinSW.RollingLogAppender
2022-10-11 22:14:58,361 INFO  - Stopping nginx
2022-10-11 22:14:58,361 DEBUG - ProcessKill 8112
2022-10-11 22:14:58,367 DEBUG - Stopping process 8112...
2022-10-11 22:14:58,374 DEBUG - Process 8112 terminated.
2022-10-11 22:14:58,386 DEBUG - Found child process 17616.
2022-10-11 22:14:58,392 DEBUG - Stopping process 17616...
2022-10-11 22:14:58,400 DEBUG - Process 17616 canceled with code -1073741510.
2022-10-11 22:14:58,407 INFO  - Finished nginx
2022-10-11 22:15:00,240 DEBUG - Starting WinSW in service mode
2022-10-11 22:15:00,355 INFO  - Starting F:\works\EnterpriseWebsite\nginx-1.23.1\nginx.exe 
2022-10-11 22:15:00,846 INFO  - Started process 17296
2022-10-11 22:15:00,860 DEBUG - Forwarding logs of the process System.Diagnostics.Process (nginx) to WinSW.RollingLogAppender
2022-10-11 22:17:07,670 INFO  - Stopping nginx
2022-10-11 22:17:07,671 DEBUG - ProcessKill 17296
2022-10-11 22:17:07,675 DEBUG - Stopping process 17296...
2022-10-11 22:17:07,680 DEBUG - Process 17296 terminated.
2022-10-11 22:17:07,691 DEBUG - Found child process 10528.
2022-10-11 22:17:07,694 DEBUG - Stopping process 10528...
2022-10-11 22:17:07,701 DEBUG - Process 10528 canceled with code -1073741510.
2022-10-11 22:17:07,708 INFO  - Finished nginx
2022-10-11 22:17:09,544 DEBUG - Starting WinSW in service mode
2022-10-11 22:17:09,677 INFO  - Starting F:\works\EnterpriseWebsite\nginx-1.23.1\nginx.exe 
2022-10-11 22:17:10,226 INFO  - Started process 13368
2022-10-11 22:17:10,248 DEBUG - Forwarding logs of the process System.Diagnostics.Process (nginx) to WinSW.RollingLogAppender
2022-10-11 22:21:13,666 INFO  - Stopping nginx
2022-10-11 22:21:13,666 DEBUG - ProcessKill 13368
2022-10-11 22:21:13,670 DEBUG - Stopping process 13368...
2022-10-11 22:21:13,675 DEBUG - Process 13368 terminated.
2022-10-11 22:21:13,685 DEBUG - Found child process 5760.
2022-10-11 22:21:13,698 DEBUG - Stopping process 5760...
2022-10-11 22:21:13,703 DEBUG - Process 5760 canceled with code -1073741510.
2022-10-11 22:21:13,719 INFO  - Finished nginx
2022-10-11 22:21:15,480 DEBUG - Starting WinSW in service mode
2022-10-11 22:21:15,596 INFO  - Starting F:\works\EnterpriseWebsite\nginx-1.23.1\nginx.exe 
2022-10-11 22:21:16,076 INFO  - Started process 4304
2022-10-11 22:21:16,098 DEBUG - Forwarding logs of the process System.Diagnostics.Process (nginx) to WinSW.RollingLogAppender
2022-10-11 22:23:20,822 INFO  - Stopping nginx
2022-10-11 22:23:20,823 DEBUG - ProcessKill 4304
2022-10-11 22:23:20,827 DEBUG - Stopping process 4304...
2022-10-11 22:23:20,834 DEBUG - Process 4304 terminated.
2022-10-11 22:23:20,844 DEBUG - Found child process 17036.
2022-10-11 22:23:20,848 DEBUG - Stopping process 17036...
2022-10-11 22:23:20,854 DEBUG - Process 17036 canceled with code -1073741510.
2022-10-11 22:23:20,862 INFO  - Finished nginx
2022-10-11 22:23:22,646 DEBUG - Starting WinSW in service mode
2022-10-11 22:23:22,775 INFO  - Starting F:\works\EnterpriseWebsite\nginx-1.23.1\nginx.exe 
2022-10-11 22:23:23,236 INFO  - Started process 18820
2022-10-11 22:23:23,251 DEBUG - Forwarding logs of the process System.Diagnostics.Process (nginx) to WinSW.RollingLogAppender
2022-10-11 22:24:46,566 INFO  - Stopping nginx
2022-10-11 22:24:46,566 DEBUG - ProcessKill 18820
2022-10-11 22:24:46,570 DEBUG - Stopping process 18820...
2022-10-11 22:24:46,577 DEBUG - Process 18820 terminated.
2022-10-11 22:24:46,588 DEBUG - Found child process 7064.
2022-10-11 22:24:46,593 DEBUG - Stopping process 7064...
2022-10-11 22:24:46,599 DEBUG - Process 7064 canceled with code -1073741510.
2022-10-11 22:24:46,606 INFO  - Finished nginx
2022-10-11 22:24:48,418 DEBUG - Starting WinSW in service mode
2022-10-11 22:24:48,534 INFO  - Starting F:\works\EnterpriseWebsite\nginx-1.23.1\nginx.exe 
2022-10-11 22:24:49,004 INFO  - Started process 17652
2022-10-11 22:24:49,019 DEBUG - Forwarding logs of the process System.Diagnostics.Process (nginx) to WinSW.RollingLogAppender
2022-10-11 22:28:17,850 INFO  - Stopping nginx
2022-10-11 22:28:17,851 DEBUG - ProcessKill 17652
2022-10-11 22:28:17,856 DEBUG - Stopping process 17652...
2022-10-11 22:28:17,863 DEBUG - Process 17652 terminated.
2022-10-11 22:28:17,875 DEBUG - Found child process 16984.
2022-10-11 22:28:17,879 DEBUG - Stopping process 16984...
2022-10-11 22:28:17,885 DEBUG - Process 16984 canceled with code -1073741510.
2022-10-11 22:28:17,893 INFO  - Finished nginx
2022-10-11 22:28:19,668 DEBUG - Starting WinSW in service mode
2022-10-11 22:28:19,786 INFO  - Starting F:\works\EnterpriseWebsite\nginx-1.23.1\nginx.exe 
2022-10-11 22:28:20,251 INFO  - Started process 19760
2022-10-11 22:28:20,265 DEBUG - Forwarding logs of the process System.Diagnostics.Process (nginx) to WinSW.RollingLogAppender
2022-10-11 22:31:53,261 INFO  - Stopping nginx
2022-10-11 22:31:53,262 DEBUG - ProcessKill 19760
2022-10-11 22:31:53,265 DEBUG - Stopping process 19760...
2022-10-11 22:31:53,270 DEBUG - Process 19760 terminated.
2022-10-11 22:31:53,279 DEBUG - Found child process 18088.
2022-10-11 22:31:53,285 DEBUG - Stopping process 18088...
2022-10-11 22:31:53,291 DEBUG - Process 18088 canceled with code -1073741510.
2022-10-11 22:31:53,318 INFO  - Finished nginx
2022-10-11 22:31:55,064 DEBUG - Starting WinSW in service mode
2022-10-11 22:31:55,179 INFO  - Starting F:\works\EnterpriseWebsite\nginx-1.23.1\nginx.exe 
2022-10-11 22:31:55,775 INFO  - Started process 14640
2022-10-11 22:31:55,793 DEBUG - Forwarding logs of the process System.Diagnostics.Process (nginx) to WinSW.RollingLogAppender
2022-10-11 22:33:47,252 INFO  - Stopping nginx
2022-10-11 22:33:47,253 DEBUG - ProcessKill 14640
2022-10-11 22:33:47,259 DEBUG - Stopping process 14640...
2022-10-11 22:33:47,265 DEBUG - Process 14640 terminated.
2022-10-11 22:33:47,276 DEBUG - Found child process 10696.
2022-10-11 22:33:47,283 DEBUG - Stopping process 10696...
2022-10-11 22:33:47,290 DEBUG - Process 10696 canceled with code -1073741510.
2022-10-11 22:33:47,319 INFO  - Finished nginx
2022-10-11 22:33:49,072 DEBUG - Starting WinSW in service mode
2022-10-11 22:33:49,188 INFO  - Starting F:\works\EnterpriseWebsite\nginx-1.23.1\nginx.exe 
2022-10-11 22:33:49,647 INFO  - Started process 20024
2022-10-11 22:33:49,662 DEBUG - Forwarding logs of the process System.Diagnostics.Process (nginx) to WinSW.RollingLogAppender
2022-10-11 22:36:07,636 INFO  - Stopping nginx
2022-10-11 22:36:07,636 DEBUG - ProcessKill 20024
2022-10-11 22:36:07,640 DEBUG - Stopping process 20024...
2022-10-11 22:36:07,645 DEBUG - Process 20024 terminated.
2022-10-11 22:36:07,668 DEBUG - Found child process 17620.
2022-10-11 22:36:07,669 DEBUG - Stopping process 17620...
2022-10-11 22:36:07,674 DEBUG - Process 17620 canceled with code -1073741510.
2022-10-11 22:36:07,689 INFO  - Finished nginx
2022-10-11 22:36:09,408 DEBUG - Starting WinSW in service mode
2022-10-11 22:36:09,524 INFO  - Starting F:\works\EnterpriseWebsite\nginx-1.23.1\nginx.exe 
2022-10-11 22:36:09,989 INFO  - Started process 17108
2022-10-11 22:36:10,003 DEBUG - Forwarding logs of the process System.Diagnostics.Process (nginx) to WinSW.RollingLogAppender
2022-10-11 22:39:09,244 INFO  - Stopping nginx
2022-10-11 22:39:09,244 DEBUG - ProcessKill 17108
2022-10-11 22:39:09,247 DEBUG - Stopping process 17108...
2022-10-11 22:39:09,252 DEBUG - Process 17108 terminated.
2022-10-11 22:39:09,263 DEBUG - Found child process 18984.
2022-10-11 22:39:09,266 DEBUG - Stopping process 18984...
2022-10-11 22:39:09,272 DEBUG - Process 18984 canceled with code -1073741510.
2022-10-11 22:39:09,281 INFO  - Finished nginx
2022-10-11 22:39:11,099 DEBUG - Starting WinSW in service mode
2022-10-11 22:39:11,220 INFO  - Starting F:\works\EnterpriseWebsite\nginx-1.23.1\nginx.exe 
2022-10-11 22:39:11,737 INFO  - Started process 17548
2022-10-11 22:39:11,752 DEBUG - Forwarding logs of the process System.Diagnostics.Process (nginx) to WinSW.RollingLogAppender
2022-10-11 22:39:58,818 INFO  - Stopping nginx
2022-10-11 22:39:58,819 DEBUG - ProcessKill 17548
2022-10-11 22:39:58,822 DEBUG - Stopping process 17548...
2022-10-11 22:39:58,827 DEBUG - Process 17548 terminated.
2022-10-11 22:39:58,840 DEBUG - Found child process 10556.
2022-10-11 22:39:58,845 DEBUG - Stopping process 10556...
2022-10-11 22:39:58,850 DEBUG - Process 10556 canceled with code -1073741510.
2022-10-11 22:39:58,858 INFO  - Finished nginx
2022-10-11 22:40:00,618 DEBUG - Starting WinSW in service mode
2022-10-11 22:40:00,733 INFO  - Starting F:\works\EnterpriseWebsite\nginx-1.23.1\nginx.exe 
2022-10-11 22:40:01,215 INFO  - Started process 15300
2022-10-11 22:40:01,230 DEBUG - Forwarding logs of the process System.Diagnostics.Process (nginx) to WinSW.RollingLogAppender
2022-10-11 22:43:16,425 INFO  - Stopping nginx
2022-10-11 22:43:16,425 DEBUG - ProcessKill 15300
2022-10-11 22:43:16,428 DEBUG - Stopping process 15300...
2022-10-11 22:43:16,433 DEBUG - Process 15300 terminated.
2022-10-11 22:43:16,445 DEBUG - Found child process 12252.
2022-10-11 22:43:16,449 DEBUG - Stopping process 12252...
2022-10-11 22:43:16,455 DEBUG - Process 12252 canceled with code -1073741510.
2022-10-11 22:43:16,485 INFO  - Finished nginx
2022-10-11 22:43:18,207 DEBUG - Starting WinSW in service mode
2022-10-11 22:43:18,372 INFO  - Starting F:\works\EnterpriseWebsite\nginx-1.23.1\nginx.exe 
2022-10-11 22:43:18,844 INFO  - Started process 12752
2022-10-11 22:43:18,860 DEBUG - Forwarding logs of the process System.Diagnostics.Process (nginx) to WinSW.RollingLogAppender
2022-10-11 22:55:33,546 INFO  - Stopping nginx
2022-10-11 22:55:33,546 DEBUG - ProcessKill 12752
2022-10-11 22:55:33,562 DEBUG - Stopping process 12752...
2022-10-11 22:55:33,562 DEBUG - Process 12752 terminated.
2022-10-11 22:55:33,608 DEBUG - Found child process 19024.
2022-10-11 22:55:33,624 DEBUG - Stopping process 19024...
2022-10-11 22:55:33,655 DEBUG - Process 19024 canceled with code -1073741510.
2022-10-11 22:55:33,671 INFO  - Finished nginx
2022-10-11 23:21:48,096 DEBUG - Starting WinSW in service mode
2022-10-11 23:21:48,197 INFO  - Starting F:\works\EnterpriseWebsite\nginx-1.23.1\nginx.exe 
2022-10-11 23:21:48,308 INFO  - Started process 4404
2022-10-11 23:21:48,316 DEBUG - Forwarding logs of the process System.Diagnostics.Process (nginx) to WinSW.RollingLogAppender
2022-10-12 05:41:28,465 DEBUG - Starting WinSW in service mode
2022-10-12 05:41:28,526 INFO  - Starting F:\works\EnterpriseWebsite\nginx-1.23.1\nginx.exe 
2022-10-12 05:41:29,039 INFO  - Started process 6444
2022-10-12 05:41:29,046 DEBUG - Forwarding logs of the process System.Diagnostics.Process (nginx) to WinSW.RollingLogAppender
2022-10-12 05:43:25,190 INFO  - Stopping nginx
2022-10-12 05:43:25,191 DEBUG - ProcessKill 6444
2022-10-12 05:43:25,194 DEBUG - Stopping process 6444...
2022-10-12 05:43:25,196 DEBUG - Process 6444 terminated.
2022-10-12 05:43:25,203 DEBUG - Found child process 5628.
2022-10-12 05:43:25,205 DEBUG - Stopping process 5628...
2022-10-12 05:43:25,212 DEBUG - Process 5628 canceled with code -1073741510.
2022-10-12 05:43:25,242 INFO  - Finished nginx
2022-10-12 05:43:26,784 DEBUG - Starting WinSW in service mode
2022-10-12 05:43:26,812 INFO  - Starting F:\works\EnterpriseWebsite\nginx-1.23.1\nginx.exe 
2022-10-12 05:43:27,286 INFO  - Started process 10924
2022-10-12 05:43:27,290 DEBUG - Forwarding logs of the process System.Diagnostics.Process (nginx) to WinSW.RollingLogAppender
2022-10-12 07:37:52,188 INFO  - Stopping nginx
2022-10-12 07:37:52,189 DEBUG - ProcessKill 10924
2022-10-12 07:37:52,192 DEBUG - Stopping process 10924...
2022-10-12 07:37:52,194 DEBUG - Process 10924 terminated.
2022-10-12 07:37:52,201 DEBUG - Found child process 9008.
2022-10-12 07:37:52,205 DEBUG - Stopping process 9008...
2022-10-12 07:37:52,212 DEBUG - Process 9008 canceled with code -1073741510.
2022-10-12 07:37:52,235 INFO  - Finished nginx
2022-10-12 07:37:53,803 DEBUG - Starting WinSW in service mode
2022-10-12 07:37:53,839 INFO  - Starting F:\works\EnterpriseWebsite\nginx-1.23.1\nginx.exe 
2022-10-12 07:37:54,355 INFO  - Started process 13236
2022-10-12 07:37:54,360 DEBUG - Forwarding logs of the process System.Diagnostics.Process (nginx) to WinSW.RollingLogAppender
2022-10-12 07:38:32,533 INFO  - Stopping nginx
2022-10-12 07:38:32,533 DEBUG - ProcessKill 13236
2022-10-12 07:38:32,536 DEBUG - Stopping process 13236...
2022-10-12 07:38:32,538 DEBUG - Process 13236 terminated.
2022-10-12 07:38:32,545 DEBUG - Found child process 10072.
2022-10-12 07:38:32,547 DEBUG - Stopping process 10072...
2022-10-12 07:38:32,552 DEBUG - Process 10072 canceled with code -1073741510.
2022-10-12 07:38:32,558 INFO  - Finished nginx
2022-10-12 07:38:34,066 DEBUG - Starting WinSW in service mode
2022-10-12 07:38:34,094 INFO  - Starting F:\works\EnterpriseWebsite\nginx-1.23.1\nginx.exe 
2022-10-12 07:38:34,607 INFO  - Started process 14256
2022-10-12 07:38:34,612 DEBUG - Forwarding logs of the process System.Diagnostics.Process (nginx) to WinSW.RollingLogAppender
2022-10-12 07:39:30,464 INFO  - Stopping nginx
2022-10-12 07:39:30,464 DEBUG - ProcessKill 14256
2022-10-12 07:39:30,467 DEBUG - Stopping process 14256...
2022-10-12 07:39:30,469 DEBUG - Process 14256 terminated.
2022-10-12 07:39:30,478 DEBUG - Found child process 10372.
2022-10-12 07:39:30,479 DEBUG - Stopping process 10372...
2022-10-12 07:39:30,485 DEBUG - Process 10372 canceled with code -1073741510.
2022-10-12 07:39:30,509 INFO  - Finished nginx
2022-10-12 07:39:31,995 DEBUG - Starting WinSW in service mode
2022-10-12 07:39:32,038 INFO  - Starting F:\works\EnterpriseWebsite\nginx-1.23.1\nginx.exe 
2022-10-12 07:39:32,533 INFO  - Started process 12528
2022-10-12 07:39:32,537 DEBUG - Forwarding logs of the process System.Diagnostics.Process (nginx) to WinSW.RollingLogAppender
2022-10-12 07:41:47,960 INFO  - Stopping nginx
2022-10-12 07:41:47,961 DEBUG - ProcessKill 12528
2022-10-12 07:41:47,965 DEBUG - Stopping process 12528...
2022-10-12 07:41:47,967 DEBUG - Process 12528 terminated.
2022-10-12 07:41:47,974 DEBUG - Found child process 13500.
2022-10-12 07:41:47,977 DEBUG - Stopping process 13500...
2022-10-12 07:41:47,984 DEBUG - Process 13500 canceled with code -1073741510.
2022-10-12 07:41:47,992 INFO  - Finished nginx
2022-10-12 07:41:49,532 DEBUG - Starting WinSW in service mode
2022-10-12 07:41:49,560 INFO  - Starting F:\works\EnterpriseWebsite\nginx-1.23.1\nginx.exe 
2022-10-12 07:41:50,026 INFO  - Started process 12616
2022-10-12 07:41:50,030 DEBUG - Forwarding logs of the process System.Diagnostics.Process (nginx) to WinSW.RollingLogAppender
2022-10-12 12:50:10,082 DEBUG - Starting WinSW in service mode
2022-10-12 12:50:10,168 INFO  - Starting F:\works\EnterpriseWebsite\nginx-1.23.1\nginx.exe 
2022-10-12 12:50:10,266 INFO  - Started process 5160
2022-10-12 12:50:10,266 DEBUG - Forwarding logs of the process System.Diagnostics.Process (nginx) to WinSW.RollingLogAppender
2022-10-12 20:56:18,744 DEBUG - Starting WinSW in service mode
2022-10-12 20:56:18,773 INFO  - Starting F:\works\EnterpriseWebsite\nginx-1.23.1\nginx.exe 
2022-10-12 20:56:19,235 INFO  - Started process 3000
2022-10-12 20:56:19,240 DEBUG - Forwarding logs of the process System.Diagnostics.Process (nginx) to WinSW.RollingLogAppender
